This is pdfTeX, Version 3.1415926-1.40.11 (MiKTeX 2.9) (preloaded format=pdflatex 2014.1.18)  20 MAR 2014 10:15
entering extended mode
**E:/Zhe/30-UCLA/32-NDNREPO/REPO/doc/ndnrepo/main.tex
(E:/Zhe/30-UCLA/32-NDNREPO/REPO/doc/ndnrepo/main.tex
LaTeX2e <2009/09/24>
Babel <v3.8l> and hyphenation patterns for loaded.
(E:\Zhe\30-UCLA\32-NDNREPO\REPO\doc\ndnrepo\sig-alternate-10pt.cls
("C:\Program Files (x86)\CTEX\MiKTeX\tex\latex\graphics\epsfig.sty"
Package: epsfig 1999/02/16 v1.7a (e)psfig emulation (SPQR)

("C:\Program Files (x86)\CTEX\MiKTeX\tex\latex\graphics\graphicx.sty"
Package: graphicx 1999/02/16 v1.0f Enhanced LaTeX Graphics (DPC,SPQR)

("C:\Program Files (x86)\CTEX\MiKTeX\tex\latex\graphics\keyval.sty"
Package: keyval 1999/03/16 v1.13 key=value parser (DPC)
\KV@toks@=\toks14
)
("C:\Program Files (x86)\CTEX\MiKTeX\tex\latex\graphics\graphics.sty"
Package: graphics 2009/02/05 v1.0o Standard LaTeX Graphics (DPC,SPQR)

("C:\Program Files (x86)\CTEX\MiKTeX\tex\latex\graphics\trig.sty"
Package: trig 1999/03/16 v1.09 sin cos tan (DPC)
)
("C:\Program Files (x86)\CTEX\MiKTeX\tex\latex\00miktex\graphics.cfg"
File: graphics.cfg 2007/01/18 v1.5 graphics configuration of teTeX/TeXLive
)
Package graphics Info: Driver file: pdftex.def on input line 91.

("C:\Program Files (x86)\CTEX\MiKTeX\tex\latex\pdftex-def\pdftex.def"
File: pdftex.def 2010/11/26 v0.05c Graphics/color for pdfTeX
\Gread@gobject=\count79
))
\Gin@req@height=\dimen102
\Gin@req@width=\dimen103
)
\epsfxsize=\dimen104
\epsfysize=\dimen105
)
("C:\Program Files (x86)\CTEX\MiKTeX\tex\latex\amsfonts\amssymb.sty"
Package: amssymb 2009/06/22 v3.00

("C:\Program Files (x86)\CTEX\MiKTeX\tex\latex\amsfonts\amsfonts.sty"
Package: amsfonts 2009/06/22 v3.00 Basic AMSFonts support
\@emptytoks=\toks15
\symAMSa=\mathgroup4
\symAMSb=\mathgroup5
LaTeX Font Info:    Overwriting math alphabet `\mathfrak' in version `bold'
(Font)                  U/euf/m/n --> U/euf/b/n on input line 96.
))
("C:\Program Files (x86)\CTEX\MiKTeX\tex\latex\ams\math\amsmath.sty"
Package: amsmath 2000/07/18 v2.13 AMS math features
\@mathmargin=\skip41

For additional information on amsmath, use the `?' option.
("C:\Program Files (x86)\CTEX\MiKTeX\tex\latex\ams\math\amstext.sty"
Package: amstext 2000/06/29 v2.01

("C:\Program Files (x86)\CTEX\MiKTeX\tex\latex\ams\math\amsgen.sty"
File: amsgen.sty 1999/11/30 v2.0
\@emptytoks=\toks16
\ex@=\dimen106
))
("C:\Program Files (x86)\CTEX\MiKTeX\tex\latex\ams\math\amsbsy.sty"
Package: amsbsy 1999/11/29 v1.2d
\pmbraise@=\dimen107
)
("C:\Program Files (x86)\CTEX\MiKTeX\tex\latex\ams\math\amsopn.sty"
Package: amsopn 1999/12/14 v2.01 operator names
)
\inf@bad=\count80
LaTeX Info: Redefining \frac on input line 211.
\uproot@=\count81
\leftroot@=\count82
LaTeX Info: Redefining \overline on input line 307.
\classnum@=\count83
\DOTSCASE@=\count84
LaTeX Info: Redefining \ldots on input line 379.
LaTeX Info: Redefining \dots on input line 382.
LaTeX Info: Redefining \cdots on input line 467.
\Mathstrutbox@=\box26
\strutbox@=\box27
\big@size=\dimen108
LaTeX Font Info:    Redeclaring font encoding OML on input line 567.
LaTeX Font Info:    Redeclaring font encoding OMS on input line 568.
\macc@depth=\count85
\c@MaxMatrixCols=\count86
\dotsspace@=\muskip10
\c@parentequation=\count87
\dspbrk@lvl=\count88
\tag@help=\toks17
\row@=\count89
\column@=\count90
\maxfields@=\count91
\andhelp@=\toks18
\eqnshift@=\dimen109
\alignsep@=\dimen110
\tagshift@=\dimen111
\tagwidth@=\dimen112
\totwidth@=\dimen113
\lineht@=\dimen114
\@envbody=\toks19
\multlinegap=\skip42
\multlinetaggap=\skip43
\mathdisplay@stack=\toks20
LaTeX Info: Redefining \[ on input line 2666.
LaTeX Info: Redefining \] on input line 2667.
)
Document Class 'sig-alternate' <3rd January '07>. Hacked by Anja Feldmann
Based in part upon document Style `acmconf' <22 May 89>. Hacked 4/91 by
shivers@cs.cmu.edu, 4/93 by theobald@cs.mcgill.ca
Excerpts were taken from (Journal Style) 'esub2acm.cls'.
****** Bugs/comments/suggestions/technicalities to Gerry Murray -- murray@hq.ac
m.org ******
Questions on the style, SIGS policies, etc. to Adrienne Griscti griscti@acm.org

\footheight=\dimen115
\@maxsep=\dimen116
\@dblmaxsep=\dimen117
\aucount=\count92
\originalaucount=\count93
\auwidth=\dimen118
\auskip=\dimen119
\auskipcount=\count94
\auskip=\dimen120
\allauboxes=\dimen121
\addauthors=\toks21
\addauflag=\count95
\subtitletext=\toks22
\savesection=\count96
\sectioncntr=\count97
\c@figure=\count98
\c@table=\count99
\titleboxnotes=\toks23
\titleboxnoteflag=\count100

LaTeX Warning: You have requested document class `sig-alternate-10pt',
               but the document class provides `sig-alternate'.

Document Class: sig-alternate 2007/03/01 - V1.9 - based on acmproc.cls V1.3 <No
v. 30 '99>
("C:\Program Files (x86)\CTEX\MiKTeX\tex\latex\base\latexsym.sty"
Package: latexsym 1998/08/17 v2.2e Standard LaTeX package (lasy symbols)
\symlasy=\mathgroup6
LaTeX Font Info:    Overwriting symbol font `lasy' in version `bold'
(Font)                  U/lasy/m/n --> U/lasy/b/n on input line 47.
)
\@acmtitlebox=\box28
\titlenotecount=\count101
\tntoks=\toks24
\tntokstwo=\toks25
\tntoksthree=\toks26
\tntoksfour=\toks27
\tntoksfive=\toks28
\catcount=\count102
\conf=\toks29
\confinfo=\toks30
\c@part=\count103
\c@section=\count104
\c@subsection=\count105
\c@subsubsection=\count106
\c@paragraph=\count107

Using 'Abbrev' bibliography style
\bibindent=\dimen122
\colcntr=\count108
\savebox=\box29
\copyrtyr=\toks31
\acmcopyr=\toks32
\boilerplate=\toks33
\copyrightetc=\toks34
) ("C:\Program Files (x86)\CTEX\MiKTeX\tex\latex\floatrow\floatrow.sty"
Package: floatrow 2008/08/02 v0.3b floatrow: float package extension

("C:\Program Files (x86)\CTEX\MiKTeX\tex\latex\caption\caption3.sty"
Package: caption3 2010/01/14 v3.1m caption3 kernel (AR)
\captionmargin=\dimen123
\captionmargin@=\dimen124
\captionwidth=\dimen125
\caption@indent=\dimen126
\caption@parindent=\dimen127
\caption@hangindent=\dimen128
\abovecaptionskip=\skip44
\belowcaptionskip=\skip45
Package caption Info: Unknown document class (or package),
(caption)             standard defaults will be used on input line 1084.
)
\c@float@type=\count109
\float@exts=\toks35
\float@box=\box30
\@floatcapt=\box31
Package floatrow Info: Modified float package code loaded on input line 455.
Package floatrow Info: Modified rotfloat package code loaded on input line 473.

\FR@everyfloat=\toks36
\flrow@foot=\insert233
\FB@wd=\dimen129
\FBo@wd=\dimen130
\FBc@wd=\dimen131
\FBo@ht=\skip46
\FBc@ht=\skip47
\FBf@ht=\skip48
\FBo@max=\skip49
\FBc@max=\skip50
\FBf@max=\skip51
\c@FBl@b=\count110
\floatbox@depth=\count111
\c@FRobj=\count112
\c@FRsobj=\count113
\Xhsize=\skip52
\sXhsize=\skip53
\Zhsize=\skip54
\sZhsize=\skip55
\flrow@rowbox=\box32
\FR@Zunitlength=\dimen132
\c@FBcnt=\count114
\FPOScnt=\count115
\LTleft=\skip56
\LTright=\skip57
\LTleft=\skip58
\LTright=\skip59
\flrow@types=\toks37
)
("C:\Program Files (x86)\CTEX\MiKTeX\tex\latex\blindtext\blindtext.sty"
Package: blindtext 2009/12/29 V1.9c blindtext-Package

("C:\Program Files (x86)\CTEX\MiKTeX\tex\latex\tools\xspace.sty"
Package: xspace 2006/05/08 v1.12 Space after command names (DPC,MH)
)
\c@blindtext=\count116
\c@Blindtext=\count117
\blind@countxx=\count118
\blindtext@numBlindtext=\count119
\blind@countyy=\count120
\c@blindlist=\count121
\c@blindlistlevel=\count122
\c@blindlist@level=\count123
\blind@listitem=\count124
\c@blind@listcount=\count125
\c@blind@levelcount=\count126
\blind@mathformula=\count127
\blind@Mathformula=\count128
)
("C:\Program Files (x86)\CTEX\MiKTeX\tex\latex\oberdiek\epstopdf.sty"
Package: epstopdf 2010/02/09 v2.5 Conversion with epstopdf on the fly (HO)

("C:\Program Files (x86)\CTEX\MiKTeX\tex\latex\oberdiek\epstopdf-base.sty"
Package: epstopdf-base 2010/02/09 v2.5 Base part for package epstopdf

("C:\Program Files (x86)\CTEX\MiKTeX\tex\generic\oberdiek\infwarerr.sty"
Package: infwarerr 2010/04/08 v1.3 Providing info/warning/message (HO)
)
("C:\Program Files (x86)\CTEX\MiKTeX\tex\latex\oberdiek\grfext.sty"
Package: grfext 2007/09/30 v1.0 Managing graphics extensions (HO)
)
("C:\Program Files (x86)\CTEX\MiKTeX\tex\latex\oberdiek\kvoptions.sty"
Package: kvoptions 2010/02/22 v3.7 Keyval support for LaTeX options (HO)

("C:\Program Files (x86)\CTEX\MiKTeX\tex\generic\oberdiek\kvsetkeys.sty"
Package: kvsetkeys 2010/03/01 v1.9 Key value parser (HO)

("C:\Program Files (x86)\CTEX\MiKTeX\tex\generic\oberdiek\etexcmds.sty"
Package: etexcmds 2010/01/28 v1.3 Prefix for e-TeX command names (HO)
Package etexcmds Info: Could not find \expanded.
(etexcmds)             That can mean that you are not using pdfTeX 1.50 or
(etexcmds)             that some package has redefined \expanded.
(etexcmds)             In the latter case, load this package earlier.
)))
("C:\Program Files (x86)\CTEX\MiKTeX\tex\generic\oberdiek\pdftexcmds.sty"
Package: pdftexcmds 2010/04/01 v0.9 Utility functions of pdfTeX for LuaTeX (HO)


("C:\Program Files (x86)\CTEX\MiKTeX\tex\generic\oberdiek\ifluatex.sty"
Package: ifluatex 2010/03/01 v1.3 Provides the ifluatex switch (HO)
Package ifluatex Info: LuaTeX not detected.
)
("C:\Program Files (x86)\CTEX\MiKTeX\tex\generic\oberdiek\ltxcmds.sty"
Package: ltxcmds 2010/04/26 v1.7 LaTeX kernel commands for general use (HO)
)
Package pdftexcmds Info: LuaTeX not detected.
Package pdftexcmds Info: \pdf@primitive is available.
Package pdftexcmds Info: \pdf@ifprimitive is available.
)
Package grfext Info: Graphics extension search list:
(grfext)             [.png,.pdf,.jpg,.mps,.jpeg,.jbig2,.jb2,.PNG,.PDF,.JPG,.JPE
G,.JBIG2,.JB2,.eps]
(grfext)             \AppendGraphicsExtensions on input line 436.
))
("C:\Program Files (x86)\CTEX\MiKTeX\tex\latex\subfigure\subfigure.sty"
Package: subfigure 2002/07/30 v2.1.4 subfigure package
\subfigtopskip=\skip60
\subfigcapskip=\skip61
\subfigcaptopadj=\dimen133
\subfigbottomskip=\skip62
\subfigcapmargin=\dimen134
\subfiglabelskip=\skip63
\c@subfigure=\count129
\c@lofdepth=\count130
\c@subtable=\count131
\c@lotdepth=\count132

****************************************
* Local config file subfigure.cfg used *
****************************************
("C:\Program Files (x86)\CTEX\MiKTeX\tex\latex\subfigure\subfigure.cfg")
\subfig@top=\skip64
\subfig@bottom=\skip65
)
("C:\Program Files (x86)\CTEX\MiKTeX\tex\latex\ltxmisc\url.sty"
\Urlmuskip=\muskip11
Package: url 2006/04/12  ver 3.3  Verb mode for urls, etc.
)
("C:\Program Files (x86)\CTEX\MiKTeX\tex\latex\cite\cite.sty"
LaTeX Info: Redefining \cite on input line 302.
LaTeX Info: Redefining \nocite on input line 373.
Package: cite 2010/09/10  v 5.3
)
("C:\Program Files (x86)\CTEX\MiKTeX\tex\latex\graphics\color.sty"
Package: color 2005/11/14 v1.0j Standard LaTeX Color (DPC)

("C:\Program Files (x86)\CTEX\MiKTeX\tex\latex\00miktex\color.cfg"
File: color.cfg 2007/01/18 v1.5 color configuration of teTeX/TeXLive
)
Package color Info: Driver file: pdftex.def on input line 130.
)
("C:\Program Files (x86)\CTEX\MiKTeX\tex\latex\preprint\balance.sty"
Package: balance 1999/02/23 4.3 (PWD)
\oldvsize=\dimen135
)
("C:\Program Files (x86)\CTEX\MiKTeX\tex\latex\multirow\multirow.sty"
\bigstrutjot=\dimen136
)
("C:\Program Files (x86)\CTEX\MiKTeX\tex\latex\ulem\ulem.sty"
\UL@box=\box33
\UL@hyphenbox=\box34
\UL@skip=\skip66
\UL@hook=\toks38
\UL@pe=\count133
\UL@pixel=\dimen137
\ULC@box=\box35
Package: ulem 2010/10/03
\ULdepth=\dimen138
)
("C:\Program Files (x86)\CTEX\MiKTeX\tex\latex\fmtcount\fmtcount.sty"
Package: fmtcount 2009/10/02 v1.31

("C:\Program Files (x86)\CTEX\MiKTeX\tex\latex\base\ifthen.sty"
Package: ifthen 2001/05/26 v1.1c Standard LaTeX ifthen package (DPC)
)
\c@padzeroesN=\count134

No configuration file fmtcount.cfg found.
\@DT@modctr=\count135
\@ordinalctr=\count136
\@orgargctr=\count137
\@strctr=\count138
\@tmpstrctr=\count139
\@DT@loopN=\count140
\@DT@X=\count141
("C:\Program Files (x86)\CTEX\MiKTeX\tex\latex\fmtcount\fc-english.def"
File: fc-english 2007/05/26
))
("C:\Program Files (x86)\CTEX\MiKTeX\tex\latex\psnfss\times.sty"
Package: times 2005/04/12 PSNFSS-v9.2a (SPQR) 
)
("C:\Program Files (x86)\CTEX\MiKTeX\tex\latex\algorithms\algorithm.sty"
Package: algorithm 2009/08/24 v0.1 Document Style `algorithm' - floating enviro
nment
\c@algorithm=\count142
)
("C:\Program Files (x86)\CTEX\MiKTeX\tex\latex\algorithms\algorithmic.sty"
Package: algorithmic 2009/08/24 v0.1 Document Style `algorithmic'
\c@ALC@unique=\count143
\c@ALC@line=\count144
\c@ALC@rem=\count145
\c@ALC@depth=\count146
\ALC@tlm=\skip67
\algorithmicindent=\skip68
)
("C:\Program Files (x86)\CTEX\MiKTeX\tex\latex\eqparbox\eqparbox.sty"
Package: eqparbox 2010/01/01 v3.1 Create equal-widthed boxes
\eqp@tempdima=\skip69
\eqp@tempdimb=\skip70

("C:\Program Files (x86)\CTEX\MiKTeX\tex\latex\tools\array.sty"
Package: array 2008/09/09 v2.4c Tabular extension package (FMi)
\col@sep=\dimen139
\extrarowheight=\dimen140
\NC@list=\toks39
\extratabsurround=\skip71
\backup@length=\skip72
))
\c@definition=\count147
\c@lemma=\count148

(E:\Zhe\30-UCLA\32-NDNREPO\REPO\doc\ndnrepo\main.aux)
LaTeX Font Info:    Checking defaults for OML/cmm/m/it on input line 99.
LaTeX Font Info:    ... okay on input line 99.
LaTeX Font Info:    Checking defaults for T1/cmr/m/n on input line 99.
LaTeX Font Info:    ... okay on input line 99.
LaTeX Font Info:    Checking defaults for OT1/cmr/m/n on input line 99.
LaTeX Font Info:    ... okay on input line 99.
LaTeX Font Info:    Checking defaults for OMS/cmsy/m/n on input line 99.
LaTeX Font Info:    ... okay on input line 99.
LaTeX Font Info:    Checking defaults for OMX/cmex/m/n on input line 99.
LaTeX Font Info:    ... okay on input line 99.
LaTeX Font Info:    Checking defaults for U/cmr/m/n on input line 99.
LaTeX Font Info:    ... okay on input line 99.
LaTeX Font Info:    Try loading font information for OT1+ptm on input line 99.

("C:\Program Files (x86)\CTEX\MiKTeX\tex\latex\psnfss\ot1ptm.fd"
File: ot1ptm.fd 2001/06/04 font definitions for OT1/ptm.
)
("C:\Program Files (x86)\CTEX\MiKTeX\tex\context\base\supp-pdf.mkii"
[Loading MPS to PDF converter (version 2006.09.02).]
\scratchcounter=\count149
\scratchdimen=\dimen141
\scratchbox=\box36
\nofMPsegments=\count150
\nofMParguments=\count151
\everyMPshowfont=\toks40
\MPscratchCnt=\count152
\MPscratchDim=\dimen142
\MPnumerator=\count153
\everyMPtoPDFconversion=\toks41
)
Package caption Info: Begin \AtBeginDocument code.
Package caption Info: End \AtBeginDocument code.
LaTeX Font Info:    Try loading font information for U+msa on input line 107.
 ("C:\Program Files (x86)\CTEX\MiKTeX\tex\latex\amsfonts\umsa.fd"
File: umsa.fd 2009/06/22 v3.00 AMS symbols A
)
LaTeX Font Info:    Try loading font information for U+msb on input line 107.

("C:\Program Files (x86)\CTEX\MiKTeX\tex\latex\amsfonts\umsb.fd"
File: umsb.fd 2009/06/22 v3.00 AMS symbols B
)
LaTeX Font Info:    Try loading font information for U+lasy on input line 107.

("C:\Program Files (x86)\CTEX\MiKTeX\tex\latex\base\ulasy.fd"
File: ulasy.fd 1998/08/17 v2.2e LaTeX symbol font definitions
)
(E:\Zhe\30-UCLA\32-NDNREPO\REPO\doc\ndnrepo\intro.tex
LaTeX Font Info:    Font shape `OT1/ptm/bx/n' in size <10> not available
(Font)              Font shape `OT1/ptm/b/n' tried instead on input line 15.

Underfull \vbox (badness 2111) has occurred while \output is active []


Underfull \hbox (badness 10000) in paragraph at lines 24--25
[]\OT1/ptm/m/n/10 REPO API set. sup-port for RE-PO in-ser-
 []

) (E:\Zhe\30-UCLA\32-NDNREPO\REPO\doc\ndnrepo\design.tex
! I can't write on file `main.pdf'.
Please type another file name for output: 
[1{C:/Program Files (x86)/CTEX/UserData/pdftex/config/pdftex.map{Unicode.sfd}{U
GBK.sfd}}


]
LaTeX Font Info:    Try loading font information for OMS+ptm on input line 13.
 ("C:\Program Files (x86)\CTEX\MiKTeX\tex\latex\psnfss\omsptm.fd"
File: omsptm.fd 
)
LaTeX Font Info:    Font shape `OMS/ptm/m/n' in size <10> not available
(Font)              Font shape `OMS/cmsy/m/n' tried instead on input line 13.

Underfull \hbox (badness 10000) in paragraph at lines 13--14
[]\OT1/ptm/m/n/10 For ex-am-ple, giv-en 6-component name ``/nd-
 []


Underfull \hbox (badness 3449) in paragraph at lines 13--14
\OT1/ptm/m/n/10 with the ``com-po-nen-t'' prop-er-ty that s-tores the com-
 []


Underfull \hbox (badness 4291) in paragraph at lines 13--14
\OT1/ptm/m/n/10 po-nen-t con-tent. Specif-i-cal-ly, n-ode (root:Component
 []


Underfull \hbox (badness 1675) in paragraph at lines 13--14
\OMS/cmsy/m/n/10 f\OT1/ptm/m/n/10 component:``ucla.edu''\OMS/cmsy/m/n/10 g\OT1/
ptm/m/n/10 ) is for the sec-ond com-po-nen-t.
 []


Underfull \hbox (badness 1748) in paragraph at lines 13--14
\OT1/ptm/m/n/10 whose con-tent is Base64-encoded wired for-mat ob-jec-t
 []

) (E:\Zhe\30-UCLA\32-NDNREPO\REPO\doc\ndnrepo\implementation.tex
LaTeX Font Info:    Font shape `OMS/ptm/m/it' in size <10> not available
(Font)              Font shape `OMS/cmsy/m/n' tried instead on input line 14.

Underfull \hbox (badness 1028) in paragraph at lines 26--27
\OT1/ptm/m/n/10 is con-struct-ed, the pre-fix is s-plit in-to com-po-nents and
 []

[2]
Underfull \hbox (badness 10000) in paragraph at lines 28--29
[]\OT1/ptm/m/n/10 Selectors in-clude Ex-clude, Child-S-e-lec-tor,
 []


Underfull \hbox (badness 10000) in paragraph at lines 28--29
\OT1/ptm/m/n/10 Min/MaxSuffixComponents, Pub-lish-er-Pub-licK-ey-Lo-ca-
 []


Underfull \hbox (badness 1635) in paragraph at lines 28--29
\OT1/ptm/m/n/10 e-qual-i-ty of Pub-lish-er-Pub-licK-ey-Lo-ca-tor and mean-ing o
f
 []


Underfull \hbox (badness 10000) in paragraph at lines 32--33
[]\OT1/ptm/m/n/10 The or-der of ap-ply-ing s-e-lec-tors is: Ex-
 []


Underfull \hbox (badness 2865) in paragraph at lines 34--35
[]\OT1/ptm/m/n/10 Min/MaxSuffixComponents. if there is no Ex-
 []

)

Package balance Warning: You have called \balance in second column
(balance)                Columns might not be balanced.

[3] (E:\Zhe\30-UCLA\32-NDNREPO\REPO\doc\ndnrepo\main.aux) ) 
Here is how much of TeX's memory you used:
 4623 strings out of 495362
 65256 string characters out of 3182903
 141037 words of memory out of 3000000
 7654 multiletter control sequences out of 15000+200000
 49805 words of font info for 71 fonts, out of 3000000 for 9000
 14 hyphenation exceptions out of 8191
 41i,9n,38p,912b,315s stack positions out of 5000i,500n,10000p,200000b,50000s
{C:/Program Files (x
86)/CTEX/MiKTeX/fonts/enc/dvips/fontname/8r.enc}<C:/Program Files (x86)/CTEX/Mi
KTeX/fonts/type1/public/amsfonts/cm/cmsy10.pfb><C:/Program Files (x86)/CTEX/MiK
TeX/fonts/type1/urw/helvetic/uhvb8a.pfb><C:/Program Files (x86)/CTEX/MiKTeX/fon
ts/type1/urw/helvetic/uhvr8a.pfb><C:/Program Files (x86)/CTEX/MiKTeX/fonts/type
1/urw/times/utmb8a.pfb><C:/Program Files (x86)/CTEX/MiKTeX/fonts/type1/urw/time
s/utmr8a.pfb><C:/Program Files (x86)/CTEX/MiKTeX/fonts/type1/urw/times/utmri8a.
pfb>
Output written on .pdf (3 pages, 80648 bytes).
PDF statistics:
 37 PDF objects out of 1000 (max. 8388607)
 0 named destinations out of 1000 (max. 500000)
 1 words of extra memory for PDF output out of 10000 (max. 10000000)

